<?xml version="1.0" encoding="UTF-8"?>
<!-- Generated by org.testng.reporters.JUnitXMLReporter -->
<testsuite ignored="0" hostname="LAPTOP-4OO46HC2" failures="2" tests="15" name="RegressionSuiteOnPixelXLII11" time="236.091" errors="0" timestamp="2023-08-23T13:31:51 ART">
  <testcase classname="Tests.testHomeScreen" name="basicOnboarding" time="19.691"/>
  <testcase classname="Tests.testHomeScreen" name="validateMainHPElements" time="23.013"/>
  <testcase classname="Tests.testHomeScreen" name="validateSplashDisplays" time="23.008"/>
  <testcase classname="Tests.testHomeScreen" name="validateLatestNewsLabelSection" time="23.01"/>
  <testcase classname="Tests.testHomeScreen" name="validateCellElements" time="20.006"/>
  <testcase classname="Tests.testHomeScreen" name="clickOnLatestNewsArticle" time="10.005"/>
  <testcase classname="Tests.testHomeScreen" name="validateWhatsHappeningLabelSection" time="18.007"/>
  <testcase classname="Tests.testHomeScreen" name="validateCellFromWhatsHappeningSectionDisplays" time="21.005"/>
  <testcase classname="Tests.testHomeScreen" name="validateFollowedSectionLabelDisplays" time="7.007"/>
  <testcase classname="Tests.testHomeScreen" name="validateFollowedSectionTextDisplays" time="5.009"/>
  <testcase classname="Tests.testHomeScreen" name="validateFollowedSectionCarrouoselText" time="4.001"/>
  <testcase classname="Tests.testHomeScreen" name="validateLifeCategory" time="2.004"/>
  <testcase classname="Tests.testHomeScreen" name="validateShoppingCategoryElements" time="0.0"/>
  <testcase classname="Tests.testHomeScreen" name="testFail" time="5.011">
    <failure type="java.lang.AssertionError" message="expected [true] but found [false]">
      <![CDATA[java.lang.AssertionError: expected [true] but found [false]
at Tests.testHomeScreen.testFail(testHomeScreen.java:235)
at java.base/java.util.ArrayList.forEach(ArrayList.java:1511)
... Removed 34 stack frames]]>
    </failure>
  </testcase> <!-- testFail -->
  <testcase classname="Tests.testHomeScreen" name="testFail2" time="10.001">
    <failure type="java.lang.AssertionError" message="expected [true] but found [false]">
      <![CDATA[java.lang.AssertionError: expected [true] but found [false]
at Tests.testHomeScreen.testFail2(testHomeScreen.java:241)
at java.base/java.util.ArrayList.forEach(ArrayList.java:1511)
... Removed 34 stack frames]]>
    </failure>
  </testcase> <!-- testFail2 -->
</testsuite> <!-- RegressionSuiteOnPixelXLII11 -->
