<?xml version="1.0" encoding="UTF-8"?>
<testng-results ignored="0" total="15" passed="13" failed="2" skipped="0">
  <reporter-output>
  </reporter-output>
  <suite started-at="2023-08-23T13:27:55 ART" name="HuffpostSuites" finished-at="2023-08-23T13:31:51 ART" duration-ms="236091">
    <groups>
    </groups>
    <test started-at="2023-08-23T13:27:55 ART" name="RegressionSuiteOnPixelXLII11" finished-at="2023-08-23T13:31:51 ART" duration-ms="236091">
      <class name="Tests.testHomeScreen">
        <test-method is-config="true" signature="init()[pri:0, instance:Tests.testHomeScreen@77be656f]" started-at="2023-08-23T13:27:55 ART" name="init" finished-at="2023-08-23T13:28:06 ART" duration-ms="10669" status="PASS">
          <reporter-output>
          </reporter-output>
        </test-method> <!-- init -->
        <test-method is-config="true" signature="initObjects()[pri:0, instance:Tests.testHomeScreen@77be656f]" started-at="2023-08-23T13:28:06 ART" name="initObjects" finished-at="2023-08-23T13:28:40 ART" duration-ms="34054" status="PASS">
          <reporter-output>
          </reporter-output>
        </test-method> <!-- initObjects -->
        <test-method signature="basicOnboarding()[pri:1, instance:Tests.testHomeScreen@77be656f]" started-at="2023-08-23T13:28:40 ART" name="basicOnboarding" finished-at="2023-08-23T13:29:00 ART" duration-ms="19691" status="PASS">
          <reporter-output>
          </reporter-output>
        </test-method> <!-- basicOnboarding -->
        <test-method signature="validateMainHPElements()[pri:2, instance:Tests.testHomeScreen@77be656f]" started-at="2023-08-23T13:29:00 ART" name="validateMainHPElements" finished-at="2023-08-23T13:29:23 ART" duration-ms="23013" status="PASS">
          <reporter-output>
          </reporter-output>
        </test-method> <!-- validateMainHPElements -->
        <test-method signature="validateSplashDisplays()[pri:3, instance:Tests.testHomeScreen@77be656f]" started-at="2023-08-23T13:29:23 ART" name="validateSplashDisplays" finished-at="2023-08-23T13:29:46 ART" duration-ms="23008" status="PASS">
          <reporter-output>
          </reporter-output>
        </test-method> <!-- validateSplashDisplays -->
        <test-method signature="validateLatestNewsLabelSection()[pri:4, instance:Tests.testHomeScreen@77be656f]" started-at="2023-08-23T13:29:46 ART" name="validateLatestNewsLabelSection" finished-at="2023-08-23T13:30:09 ART" duration-ms="23010" status="PASS">
          <reporter-output>
          </reporter-output>
        </test-method> <!-- validateLatestNewsLabelSection -->
        <test-method signature="validateCellElements()[pri:5, instance:Tests.testHomeScreen@77be656f]" started-at="2023-08-23T13:30:09 ART" name="validateCellElements" finished-at="2023-08-23T13:30:29 ART" duration-ms="20006" status="PASS">
          <reporter-output>
          </reporter-output>
        </test-method> <!-- validateCellElements -->
        <test-method signature="clickOnLatestNewsArticle()[pri:6, instance:Tests.testHomeScreen@77be656f]" started-at="2023-08-23T13:30:29 ART" name="clickOnLatestNewsArticle" finished-at="2023-08-23T13:30:39 ART" duration-ms="10005" status="PASS">
          <reporter-output>
          </reporter-output>
        </test-method> <!-- clickOnLatestNewsArticle -->
        <test-method signature="validateWhatsHappeningLabelSection()[pri:7, instance:Tests.testHomeScreen@77be656f]" started-at="2023-08-23T13:30:39 ART" name="validateWhatsHappeningLabelSection" finished-at="2023-08-23T13:30:57 ART" duration-ms="18007" status="PASS">
          <reporter-output>
          </reporter-output>
        </test-method> <!-- validateWhatsHappeningLabelSection -->
        <test-method signature="validateCellFromWhatsHappeningSectionDisplays()[pri:8, instance:Tests.testHomeScreen@77be656f]" started-at="2023-08-23T13:30:57 ART" name="validateCellFromWhatsHappeningSectionDisplays" finished-at="2023-08-23T13:31:18 ART" duration-ms="21005" status="PASS">
          <reporter-output>
          </reporter-output>
        </test-method> <!-- validateCellFromWhatsHappeningSectionDisplays -->
        <test-method signature="validateFollowedSectionLabelDisplays()[pri:9, instance:Tests.testHomeScreen@77be656f]" started-at="2023-08-23T13:31:18 ART" name="validateFollowedSectionLabelDisplays" finished-at="2023-08-23T13:31:25 ART" duration-ms="7007" status="PASS">
          <reporter-output>
          </reporter-output>
        </test-method> <!-- validateFollowedSectionLabelDisplays -->
        <test-method signature="validateFollowedSectionTextDisplays()[pri:10, instance:Tests.testHomeScreen@77be656f]" started-at="2023-08-23T13:31:25 ART" name="validateFollowedSectionTextDisplays" finished-at="2023-08-23T13:31:30 ART" duration-ms="5009" status="PASS">
          <reporter-output>
          </reporter-output>
        </test-method> <!-- validateFollowedSectionTextDisplays -->
        <test-method signature="validateFollowedSectionCarrouoselText()[pri:11, instance:Tests.testHomeScreen@77be656f]" started-at="2023-08-23T13:31:30 ART" name="validateFollowedSectionCarrouoselText" finished-at="2023-08-23T13:31:34 ART" duration-ms="4001" status="PASS">
          <reporter-output>
          </reporter-output>
        </test-method> <!-- validateFollowedSectionCarrouoselText -->
        <test-method signature="validateLifeCategory()[pri:13, instance:Tests.testHomeScreen@77be656f]" started-at="2023-08-23T13:31:34 ART" name="validateLifeCategory" finished-at="2023-08-23T13:31:36 ART" duration-ms="2004" status="PASS">
          <reporter-output>
          </reporter-output>
        </test-method> <!-- validateLifeCategory -->
        <test-method signature="testFail()[pri:16, instance:Tests.testHomeScreen@77be656f]" started-at="2023-08-23T13:31:36 ART" name="testFail" finished-at="2023-08-23T13:31:41 ART" duration-ms="5011" status="FAIL">
          <exception class="java.lang.AssertionError">
            <message>
              <![CDATA[expected [true] but found [false]]]>
            </message>
            <full-stacktrace>
              <![CDATA[java.lang.AssertionError: expected [true] but found [false]
at org.testng.Assert.fail(Assert.java:97)
at org.testng.Assert.failNotEquals(Assert.java:969)
at org.testng.Assert.assertTrue(Assert.java:43)
at org.testng.Assert.assertTrue(Assert.java:53)
at Tests.testHomeScreen.testFail(testHomeScreen.java:235)
at java.base/jdk.internal.reflect.NativeMethodAccessorImpl.invoke0(Native Method)
at java.base/jdk.internal.reflect.NativeMethodAccessorImpl.invoke(NativeMethodAccessorImpl.java:78)
at java.base/jdk.internal.reflect.DelegatingMethodAccessorImpl.invoke(DelegatingMethodAccessorImpl.java:43)
at java.base/java.lang.reflect.Method.invoke(Method.java:567)
at org.testng.internal.MethodInvocationHelper.invokeMethod(MethodInvocationHelper.java:134)
at org.testng.internal.TestInvoker.invokeMethod(TestInvoker.java:597)
at org.testng.internal.TestInvoker.invokeTestMethod(TestInvoker.java:173)
at org.testng.internal.MethodRunner.runInSequence(MethodRunner.java:46)
at org.testng.internal.TestInvoker$MethodInvocationAgent.invoke(TestInvoker.java:816)
at org.testng.internal.TestInvoker.invokeTestMethods(TestInvoker.java:146)
at org.testng.internal.TestMethodWorker.invokeTestMethods(TestMethodWorker.java:146)
at org.testng.internal.TestMethodWorker.run(TestMethodWorker.java:128)
at java.base/java.util.ArrayList.forEach(ArrayList.java:1511)
at org.testng.TestRunner.privateRun(TestRunner.java:766)
at org.testng.TestRunner.run(TestRunner.java:587)
at org.testng.SuiteRunner.runTest(SuiteRunner.java:384)
at org.testng.SuiteRunner.runSequentially(SuiteRunner.java:378)
at org.testng.SuiteRunner.privateRun(SuiteRunner.java:337)
at org.testng.SuiteRunner.run(SuiteRunner.java:286)
at org.testng.SuiteRunnerWorker.runSuite(SuiteRunnerWorker.java:53)
at org.testng.SuiteRunnerWorker.run(SuiteRunnerWorker.java:96)
at org.testng.TestNG.runSuitesSequentially(TestNG.java:1187)
at org.testng.TestNG.runSuitesLocally(TestNG.java:1109)
at org.testng.TestNG.runSuites(TestNG.java:1039)
at org.testng.TestNG.run(TestNG.java:1007)
at org.apache.maven.surefire.testng.TestNGExecutor.run(TestNGExecutor.java:281)
at org.apache.maven.surefire.testng.TestNGXmlTestSuite.execute(TestNGXmlTestSuite.java:75)
at org.apache.maven.surefire.testng.TestNGProvider.invoke(TestNGProvider.java:121)
at org.apache.maven.surefire.booter.ForkedBooter.invokeProviderInSameClassLoader(ForkedBooter.java:290)
at org.apache.maven.surefire.booter.ForkedBooter.runSuitesInProcess(ForkedBooter.java:242)
at org.apache.maven.surefire.booter.ForkedBooter.main(ForkedBooter.java:121)
]]>
            </full-stacktrace>
          </exception> <!-- java.lang.AssertionError -->
          <reporter-output>
          </reporter-output>
        </test-method> <!-- testFail -->
        <test-method signature="validateShoppingCategoryElements()[pri:14, instance:Tests.testHomeScreen@77be656f]" started-at="2023-08-23T13:31:36 ART" name="validateShoppingCategoryElements" finished-at="2023-08-23T13:31:36 ART" duration-ms="0" status="PASS">
          <reporter-output>
          </reporter-output>
        </test-method> <!-- validateShoppingCategoryElements -->
        <test-method signature="testFail2()[pri:17, instance:Tests.testHomeScreen@77be656f]" started-at="2023-08-23T13:31:41 ART" name="testFail2" finished-at="2023-08-23T13:31:51 ART" duration-ms="10001" status="FAIL">
          <exception class="java.lang.AssertionError">
            <message>
              <![CDATA[expected [true] but found [false]]]>
            </message>
            <full-stacktrace>
              <![CDATA[java.lang.AssertionError: expected [true] but found [false]
at org.testng.Assert.fail(Assert.java:97)
at org.testng.Assert.failNotEquals(Assert.java:969)
at org.testng.Assert.assertTrue(Assert.java:43)
at org.testng.Assert.assertTrue(Assert.java:53)
at Tests.testHomeScreen.testFail2(testHomeScreen.java:241)
at java.base/jdk.internal.reflect.NativeMethodAccessorImpl.invoke0(Native Method)
at java.base/jdk.internal.reflect.NativeMethodAccessorImpl.invoke(NativeMethodAccessorImpl.java:78)
at java.base/jdk.internal.reflect.DelegatingMethodAccessorImpl.invoke(DelegatingMethodAccessorImpl.java:43)
at java.base/java.lang.reflect.Method.invoke(Method.java:567)
at org.testng.internal.MethodInvocationHelper.invokeMethod(MethodInvocationHelper.java:134)
at org.testng.internal.TestInvoker.invokeMethod(TestInvoker.java:597)
at org.testng.internal.TestInvoker.invokeTestMethod(TestInvoker.java:173)
at org.testng.internal.MethodRunner.runInSequence(MethodRunner.java:46)
at org.testng.internal.TestInvoker$MethodInvocationAgent.invoke(TestInvoker.java:816)
at org.testng.internal.TestInvoker.invokeTestMethods(TestInvoker.java:146)
at org.testng.internal.TestMethodWorker.invokeTestMethods(TestMethodWorker.java:146)
at org.testng.internal.TestMethodWorker.run(TestMethodWorker.java:128)
at java.base/java.util.ArrayList.forEach(ArrayList.java:1511)
at org.testng.TestRunner.privateRun(TestRunner.java:766)
at org.testng.TestRunner.run(TestRunner.java:587)
at org.testng.SuiteRunner.runTest(SuiteRunner.java:384)
at org.testng.SuiteRunner.runSequentially(SuiteRunner.java:378)
at org.testng.SuiteRunner.privateRun(SuiteRunner.java:337)
at org.testng.SuiteRunner.run(SuiteRunner.java:286)
at org.testng.SuiteRunnerWorker.runSuite(SuiteRunnerWorker.java:53)
at org.testng.SuiteRunnerWorker.run(SuiteRunnerWorker.java:96)
at org.testng.TestNG.runSuitesSequentially(TestNG.java:1187)
at org.testng.TestNG.runSuitesLocally(TestNG.java:1109)
at org.testng.TestNG.runSuites(TestNG.java:1039)
at org.testng.TestNG.run(TestNG.java:1007)
at org.apache.maven.surefire.testng.TestNGExecutor.run(TestNGExecutor.java:281)
at org.apache.maven.surefire.testng.TestNGXmlTestSuite.execute(TestNGXmlTestSuite.java:75)
at org.apache.maven.surefire.testng.TestNGProvider.invoke(TestNGProvider.java:121)
at org.apache.maven.surefire.booter.ForkedBooter.invokeProviderInSameClassLoader(ForkedBooter.java:290)
at org.apache.maven.surefire.booter.ForkedBooter.runSuitesInProcess(ForkedBooter.java:242)
at org.apache.maven.surefire.booter.ForkedBooter.main(ForkedBooter.java:121)
]]>
            </full-stacktrace>
          </exception> <!-- java.lang.AssertionError -->
          <reporter-output>
          </reporter-output>
        </test-method> <!-- testFail2 -->
        <test-method is-config="true" signature="End()[pri:0, instance:Tests.testHomeScreen@77be656f]" started-at="2023-08-23T13:31:51 ART" name="End" finished-at="2023-08-23T13:31:51 ART" duration-ms="546" status="PASS">
          <reporter-output>
          </reporter-output>
        </test-method> <!-- End -->
      </class> <!-- Tests.testHomeScreen -->
    </test> <!-- RegressionSuiteOnPixelXLII11 -->
  </suite> <!-- HuffpostSuites -->
</testng-results>
