<?xml version="1.0" encoding="UTF-8"?>
<!-- Generated by org.testng.reporters.JUnitReportReporter -->
<testsuite hostname="LAPTOP-4OO46HC2" failures="1" tests="11" name="Tests.testExploreScreen" time="22.706" errors="0" timestamp="2023-05-31T10:40:33 ART" skipped="0">
  <testcase classname="Tests.testExploreScreen" name="basicOnboarding" time="7.515"/>
  <system-out/>
  <testcase classname="Tests.testExploreScreen" name="vaidateExploreScreenElements" time="2.124"/>
  <system-out/>
  <testcase classname="Tests.testExploreScreen" name="validateNewsSection" time="1.006"/>
  <system-out/>
  <testcase classname="Tests.testExploreScreen" name="validateEntertainmentSection" time="2.009"/>
  <system-out/>
  <testcase classname="Tests.testExploreScreen" name="validatePoliticsSection" time="2.011"/>
  <system-out/>
  <testcase classname="Tests.testExploreScreen" name="validateLifeSection" time="2.015"/>
  <system-out/>
  <testcase classname="Tests.testExploreScreen" name="validateOpinionSection" time="0.000"/>
  <system-out/>
  <testcase classname="Tests.testExploreScreen" name="validateMultimediaSection" time="2.008"/>
  <system-out/>
  <testcase classname="Tests.testExploreScreen" name="validateHuffpostPersonalSection" time="2.008"/>
  <system-out/>
  <testcase classname="Tests.testExploreScreen" name="validateVoicesSection" time="2.010"/>
  <system-out/>
  <testcase classname="Tests.testExploreScreen" name="testFail" time="0.000">
    <failure message="expected [true] but found [false]" type="java.lang.AssertionError">
      <![CDATA[java.lang.AssertionError: expected [true] but found [false]
at org.testng.Assert.fail(Assert.java:97)
at org.testng.Assert.failNotEquals(Assert.java:969)
at org.testng.Assert.assertTrue(Assert.java:43)
at org.testng.Assert.assertTrue(Assert.java:53)
at Tests.testExploreScreen.testFail(testExploreScreen.java:280)
at java.base/jdk.internal.reflect.NativeMethodAccessorImpl.invoke0(Native Method)
at java.base/jdk.internal.reflect.NativeMethodAccessorImpl.invoke(NativeMethodAccessorImpl.java:78)
at java.base/jdk.internal.reflect.DelegatingMethodAccessorImpl.invoke(DelegatingMethodAccessorImpl.java:43)
at java.base/java.lang.reflect.Method.invoke(Method.java:567)
at org.testng.internal.MethodInvocationHelper.invokeMethod(MethodInvocationHelper.java:134)
at org.testng.internal.TestInvoker.invokeMethod(TestInvoker.java:597)
at org.testng.internal.TestInvoker.invokeTestMethod(TestInvoker.java:173)
at org.testng.internal.MethodRunner.runInSequence(MethodRunner.java:46)
at org.testng.internal.TestInvoker$MethodInvocationAgent.invoke(TestInvoker.java:816)
at org.testng.internal.TestInvoker.invokeTestMethods(TestInvoker.java:146)
at org.testng.internal.TestMethodWorker.invokeTestMethods(TestMethodWorker.java:146)
at org.testng.internal.TestMethodWorker.run(TestMethodWorker.java:128)
at java.base/java.util.ArrayList.forEach(ArrayList.java:1511)
at org.testng.TestRunner.privateRun(TestRunner.java:766)
at org.testng.TestRunner.run(TestRunner.java:587)
at org.testng.SuiteRunner.runTest(SuiteRunner.java:384)
at org.testng.SuiteRunner.runSequentially(SuiteRunner.java:378)
at org.testng.SuiteRunner.privateRun(SuiteRunner.java:337)
at org.testng.SuiteRunner.run(SuiteRunner.java:286)
at org.testng.SuiteRunnerWorker.runSuite(SuiteRunnerWorker.java:53)
at org.testng.SuiteRunnerWorker.run(SuiteRunnerWorker.java:96)
at org.testng.TestNG.runSuitesSequentially(TestNG.java:1187)
at org.testng.TestNG.runSuitesLocally(TestNG.java:1109)
at org.testng.TestNG.runSuites(TestNG.java:1039)
at org.testng.TestNG.run(TestNG.java:1007)
at org.apache.maven.surefire.testng.TestNGExecutor.run(TestNGExecutor.java:281)
at org.apache.maven.surefire.testng.TestNGXmlTestSuite.execute(TestNGXmlTestSuite.java:75)
at org.apache.maven.surefire.testng.TestNGProvider.invoke(TestNGProvider.java:121)
at org.apache.maven.surefire.booter.ForkedBooter.invokeProviderInSameClassLoader(ForkedBooter.java:290)
at org.apache.maven.surefire.booter.ForkedBooter.runSuitesInProcess(ForkedBooter.java:242)
at org.apache.maven.surefire.booter.ForkedBooter.main(ForkedBooter.java:121)
]]>
    </failure>
  </testcase> <!-- testFail -->
  <system-out/>
</testsuite> <!-- Tests.testExploreScreen -->
